<?xml version="1.0" encoding="UTF-8"?>
<!-- Generated by org.testng.reporters.JUnitReportReporter -->
<testsuite hostname="DESKTOP-ORC9JEC" failures="0" tests="1" name="com.ind.testCases.IndusindTest" time="15.502" errors="0" timestamp="2023-06-05T15:25:56 IST" skipped="0">
  <testcase classname="com.ind.testCases.IndusindTest" name="TC01_ExplorePoduct" time="15.502"/>
  <system-out/>
</testsuite> <!-- com.ind.testCases.IndusindTest -->
